<?xml version="1.0" encoding="UTF-8"?>
<!-- Generated by org.testng.reporters.JUnitReportReporter -->
<testsuite hostname="7A2A00VBLM5DFA1" name="com.spicespirittest.common.SpiceSpiritBase" tests="1" failures="0" timestamp="2 Aug 2016 10:30:50 GMT" time="1.006" errors="0">
  <testcase name="sleep" time="1.006" classname="com.spicespirittest.common.SpiceSpiritBase"/>
</testsuite> <!-- com.spicespirittest.common.SpiceSpiritBase -->
