<?xml version="1.0" encoding="UTF-8"?>
<!-- Generated by org.testng.reporters.JUnitReportReporter -->
<testsuite hostname="7A2A00VBLM5DFA1" name="com.spicespirittest.testcase.OrderReserveTest" tests="1" failures="0" timestamp="10 Aug 2016 10:00:06 GMT" time="12.483" errors="0">
  <testcase name="orderReserveTest" time="12.483" classname="com.spicespirittest.testcase.OrderReserveTest"/>
</testsuite> <!-- com.spicespirittest.testcase.OrderReserveTest -->
