<?xml version="1.0" encoding="UTF-8"?>
<!-- Generated by org.testng.reporters.JUnitReportReporter -->
<testsuite hostname="7A2A00VBLM5DFA1" name="com.spicespirittest.testcase.LogoutTest" tests="1" failures="0" timestamp="10 Aug 2016 10:00:06 GMT" time="1.869" errors="0">
  <testcase name="logoutTest" time="1.869" classname="com.spicespirittest.testcase.LogoutTest"/>
</testsuite> <!-- com.spicespirittest.testcase.LogoutTest -->
