<?xml version="1.0" encoding="UTF-8"?>
<!-- Generated by org.testng.reporters.JUnitReportReporter -->
<testsuite hostname="7A2A00VBLM5DFA1" name="com.spicespirittest.testcase.LogisticsGoodsApplicationTest" tests="1" failures="0" timestamp="10 Aug 2016 10:00:06 GMT" time="61.616" errors="0">
  <testcase name="logisticsGoodsApplicationTest" time="61.616" classname="com.spicespirittest.testcase.LogisticsGoodsApplicationTest"/>
</testsuite> <!-- com.spicespirittest.testcase.LogisticsGoodsApplicationTest -->
