<?xml version="1.0" encoding="UTF-8"?>
<!-- Generated by org.testng.reporters.JUnitReportReporter -->
<testsuite hostname="7A2A00VBLM5DFA1" name="com.spicespirittest.testcase.CenterInStockTest" tests="1" failures="0" timestamp="10 Aug 2016 10:00:06 GMT" time="758.902" errors="0">
  <testcase name="centerInStockTest" time="758.902" classname="com.spicespirittest.testcase.CenterInStockTest"/>
</testsuite> <!-- com.spicespirittest.testcase.CenterInStockTest -->
