<?xml version="1.0" encoding="UTF-8"?>
<!-- Generated by org.testng.reporters.JUnitReportReporter -->
<testsuite hostname="7A2A00VBLM5DFA1" name="com.spicespirittest.testcase.CenterStockUnConfirmTest" tests="1" failures="0" timestamp="10 Aug 2016 10:00:06 GMT" time="17.175" errors="0">
  <testcase name="centerStockUnConfirm" time="17.175" classname="com.spicespirittest.testcase.CenterStockUnConfirmTest"/>
</testsuite> <!-- com.spicespirittest.testcase.CenterStockUnConfirmTest -->
