<?xml version="1.0" encoding="UTF-8"?>
<!-- Generated by org.testng.reporters.JUnitReportReporter -->
<testsuite hostname="7A2A00VBLM5DFA1" name="com.spicespirittest.page.CenterStock" tests="1" failures="0" timestamp="4 Aug 2016 11:03:53 GMT" time="0.296" errors="0">
  <testcase name="centerStockInit" time="0.296" classname="com.spicespirittest.page.CenterStock"/>
</testsuite> <!-- com.spicespirittest.page.CenterStock -->
