<?xml version="1.0" encoding="UTF-8"?>
<!-- Generated by org.testng.reporters.JUnitReportReporter -->
<testsuite hostname="7A2A00VBLM5DFA1" name="com.spicespirittest.page.Order" tests="1" failures="0" timestamp="3 Aug 2016 05:58:39 GMT" time="0.783" errors="0">
  <testcase name="createOrder" time="0.783" classname="com.spicespirittest.page.Order"/>
</testsuite> <!-- com.spicespirittest.page.Order -->
