<?xml version="1.0" encoding="UTF-8"?>
<!-- Generated by org.testng.reporters.JUnitReportReporter -->
<testsuite hostname="7A2A00VBLM5DFA1" name="com.spicespirittest.testcase.CenterOuStockTest" tests="1" failures="0" timestamp="10 Aug 2016 10:00:06 GMT" time="299.871" errors="0">
  <testcase name="ceterOutStock" time="299.871" classname="com.spicespirittest.testcase.CenterOuStockTest"/>
</testsuite> <!-- com.spicespirittest.testcase.CenterOuStockTest -->
