<?xml version="1.0" encoding="UTF-8"?>
<!-- Generated by org.testng.reporters.JUnitReportReporter -->
<testsuite hostname="7A2A00VBLM5DFA1" name="com.spicespirittest.page.Login" tests="1" failures="0" timestamp="2 Aug 2016 10:57:37 GMT" time="0.060" errors="0">
  <testcase name="checkLoginElement" time="0.060" classname="com.spicespirittest.page.Login"/>
</testsuite> <!-- com.spicespirittest.page.Login -->
