<?xml version="1.0" encoding="UTF-8"?>
<!-- Generated by org.testng.reporters.JUnitReportReporter -->
<testsuite hostname="7A2A00VBLM5DFA1" name="com.spicespirittest.testcase.LogisticsTest" tests="1" failures="0" timestamp="10 Aug 2016 08:40:32 GMT" time="61.780" errors="0">
  <testcase name="logisticsTest" time="61.780" classname="com.spicespirittest.testcase.LogisticsTest"/>
</testsuite> <!-- com.spicespirittest.testcase.LogisticsTest -->
